<?xml version="1.0" encoding="UTF-8"?>
<!-- Generated by org.testng.reporters.JUnitXMLReporter -->
<testsuite ignored="0" hostname="TYSS-Amaya" failures="1" tests="1" name="Test" time="107.385" errors="0" timestamp="2022-07-18T17:54:28 IST">
  <testcase classname="TestScript.VerifyHotelFilters" name="train" time="35.282">
    <failure type="java.lang.NullPointerException" message="Cannot invoke &amp;quot;io.appium.java_client.AppiumDriver.findElementByXPath(String)&amp;quot; because &amp;quot;this.driver1&amp;quot; is null">
      <![CDATA[java.lang.NullPointerException: Cannot invoke "io.appium.java_client.AppiumDriver.findElementByXPath(String)" because "this.driver1" is null
at TestScript.VerifyHotelFilters.train(VerifyHotelFilters.java:55)
at java.base/java.util.ArrayList.forEach(ArrayList.java:1511)
... Removed 25 stack frames]]>
    </failure>
  </testcase> <!-- train -->
</testsuite> <!-- Test -->
