<?xml version="1.0" encoding="UTF-8"?>
<!-- Generated by org.testng.reporters.JUnitXMLReporter -->
<testsuite ignored="0" hostname="TYSS-Amaya" failures="1" tests="1" name="Test1" time="196.412" errors="0" timestamp="2022-07-19T11:50:36 IST">
  <testcase classname="TestScript.VerifyHotelFilters" name="train" time="141.778">
    <failure type="java.lang.NullPointerException" message="Cannot invoke &amp;quot;UITestFramework.GenericMethods.refresh()&amp;quot; because &amp;quot;this.driver&amp;quot; is null">
      <![CDATA[java.lang.NullPointerException: Cannot invoke "UITestFramework.GenericMethods.refresh()" because "this.driver" is null
at UITestFramework.GenericMethods.refresh(GenericMethods.java:430)
at TestScript.VerifyHotelFilters.train(VerifyHotelFilters.java:60)
at java.base/java.util.ArrayList.forEach(ArrayList.java:1511)
... Removed 25 stack frames]]>
    </failure>
  </testcase> <!-- train -->
</testsuite> <!-- Test1 -->
