<?xml version="1.0" encoding="UTF-8"?>
<testng-results ignored="0" total="1" passed="1" failed="0" skipped="0">
  <reporter-output>
  </reporter-output>
  <suite started-at="2022-07-24T21:08:59 IST" name="Suite" finished-at="2022-07-24T21:12:32 IST" duration-ms="212687">
    <groups>
    </groups>
    <test started-at="2022-07-24T21:08:59 IST" name="Test1" finished-at="2022-07-24T21:12:32 IST" duration-ms="212687">
      <class name="TestScript.Filter">
        <test-method is-config="true" signature="invokeAppium()[pri:0, instance:TestScript.Filter@6f15d60e]" started-at="2022-07-24T21:08:57 IST" name="invokeAppium" finished-at="2022-07-24T21:08:59 IST" duration-ms="2220" status="PASS">
          <reporter-output>
          </reporter-output>
        </test-method> <!-- invokeAppium -->
        <test-method is-config="true" signature="createDriver(java.lang.String,java.lang.reflect.Method)[pri:0, instance:TestScript.Filter@6f15d60e]" started-at="2022-07-24T21:08:59 IST" name="createDriver" finished-at="2022-07-24T21:09:59 IST" duration-ms="59258" status="PASS">
          <params>
            <param index="0">
              <value>
                <![CDATA[iOS]]>
              </value>
            </param>
            <param index="1">
              <value>
                <![CDATA[public void TestScript.Filter.allownow() throws java.lang.InterruptedException]]>
              </value>
            </param>
          </params>
          <reporter-output>
          </reporter-output>
        </test-method> <!-- createDriver -->
        <test-method signature="allownow()[pri:0, instance:TestScript.Filter@6f15d60e]" started-at="2022-07-24T21:09:59 IST" name="allownow" finished-at="2022-07-24T21:12:31 IST" duration-ms="152165" status="PASS">
          <reporter-output>
          </reporter-output>
        </test-method> <!-- allownow -->
        <test-method is-config="true" signature="teardown()[pri:0, instance:TestScript.Filter@6f15d60e]" started-at="2022-07-24T21:12:31 IST" name="teardown" finished-at="2022-07-24T21:12:32 IST" duration-ms="1229" status="PASS">
          <reporter-output>
          </reporter-output>
        </test-method> <!-- teardown -->
        <test-method is-config="true" signature="stopAppium()[pri:0, instance:TestScript.Filter@6f15d60e]" started-at="2022-07-24T21:12:32 IST" name="stopAppium" finished-at="2022-07-24T21:12:32 IST" duration-ms="1" status="PASS">
          <reporter-output>
          </reporter-output>
        </test-method> <!-- stopAppium -->
      </class> <!-- TestScript.Filter -->
    </test> <!-- Test1 -->
  </suite> <!-- Suite -->
</testng-results>
