<?xml version="1.0" encoding="UTF-8"?>
<testng-results ignored="0" total="1" passed="1" failed="0" skipped="0">
  <reporter-output>
  </reporter-output>
  <suite started-at="2022-08-03T18:52:09 IST" name="Suite" finished-at="2022-08-03T18:53:21 IST" duration-ms="71757">
    <groups>
    </groups>
    <test started-at="2022-08-03T18:52:09 IST" name="Test" finished-at="2022-08-03T18:53:21 IST" duration-ms="71757">
      <class name="TestScriptAndroid.DoctorsAppointment">
        <test-method is-config="true" signature="invokeAppium()[pri:0, instance:TestScriptAndroid.DoctorsAppointment@58e1d9d]" started-at="2022-08-03T18:52:07 IST" name="invokeAppium" finished-at="2022-08-03T18:52:09 IST" duration-ms="2106" status="PASS">
          <reporter-output>
          </reporter-output>
        </test-method> <!-- invokeAppium -->
        <test-method is-config="true" signature="createDriver(java.lang.String,java.lang.reflect.Method)[pri:0, instance:TestScriptAndroid.DoctorsAppointment@58e1d9d]" started-at="2022-08-03T18:52:09 IST" name="createDriver" finished-at="2022-08-03T18:52:20 IST" duration-ms="10781" status="PASS">
          <params>
            <param index="0">
              <value>
                <![CDATA[android]]>
              </value>
            </param>
            <param index="1">
              <value>
                <![CDATA[public void TestScriptAndroid.DoctorsAppointment.dovtor() throws java.lang.InterruptedException]]>
              </value>
            </param>
          </params>
          <reporter-output>
          </reporter-output>
        </test-method> <!-- createDriver -->
        <test-method signature="dovtor()[pri:0, instance:TestScriptAndroid.DoctorsAppointment@58e1d9d]" started-at="2022-08-03T18:52:20 IST" name="dovtor" finished-at="2022-08-03T18:53:20 IST" duration-ms="60336" status="PASS">
          <reporter-output>
          </reporter-output>
        </test-method> <!-- dovtor -->
        <test-method is-config="true" signature="teardown()[pri:0, instance:TestScriptAndroid.DoctorsAppointment@58e1d9d]" started-at="2022-08-03T18:53:20 IST" name="teardown" finished-at="2022-08-03T18:53:21 IST" duration-ms="611" status="PASS">
          <reporter-output>
          </reporter-output>
        </test-method> <!-- teardown -->
        <test-method is-config="true" signature="stopAppium()[pri:0, instance:TestScriptAndroid.DoctorsAppointment@58e1d9d]" started-at="2022-08-03T18:53:21 IST" name="stopAppium" finished-at="2022-08-03T18:53:21 IST" duration-ms="0" status="PASS">
          <reporter-output>
          </reporter-output>
        </test-method> <!-- stopAppium -->
      </class> <!-- TestScriptAndroid.DoctorsAppointment -->
    </test> <!-- Test -->
  </suite> <!-- Suite -->
</testng-results>
